<?xml version="1.0" encoding="UTF-8"?>
<testng-results ignored="0" total="1" passed="1" failed="0" skipped="0">
  <reporter-output>
  </reporter-output>
  <suite started-at="2024-03-02T11:35:11 IST" name="Suite" finished-at="2024-03-02T11:35:17 IST" duration-ms="6239">
    <groups>
    </groups>
    <test started-at="2024-03-02T11:35:11 IST" name="Test" finished-at="2024-03-02T11:35:17 IST" duration-ms="6239">
      <class name="testCases.Tc_001_AccountRegistration">
        <test-method is-config="true" signature="setup()[pri:0, instance:testCases.Tc_001_AccountRegistration@1dde4cb2]" started-at="2024-03-02T11:35:11 IST" name="setup" finished-at="2024-03-02T11:35:15 IST" duration-ms="3689" status="PASS">
          <reporter-output>
          </reporter-output>
        </test-method> <!-- setup -->
        <test-method signature="test_account_registration()[pri:0, instance:testCases.Tc_001_AccountRegistration@1dde4cb2]" started-at="2024-03-02T11:35:15 IST" name="test_account_registration" finished-at="2024-03-02T11:35:17 IST" duration-ms="1980" status="PASS">
          <reporter-output>
          </reporter-output>
        </test-method> <!-- test_account_registration -->
        <test-method is-config="true" signature="teardown()[pri:0, instance:testCases.Tc_001_AccountRegistration@1dde4cb2]" started-at="2024-03-02T11:35:17 IST" name="teardown" finished-at="2024-03-02T11:35:17 IST" duration-ms="290" status="PASS">
          <reporter-output>
          </reporter-output>
        </test-method> <!-- teardown -->
      </class> <!-- testCases.Tc_001_AccountRegistration -->
    </test> <!-- Test -->
  </suite> <!-- Suite -->
</testng-results>
